Determining if the pthread_create exist failed with the following output:
Change Dir: /home/aitvision/st119480/2_faceDetector/src/CMakeFiles/CMakeTmp

Run Build Command:"/usr/bin/make" "cmTC_78145/fast"
/usr/bin/make -f CMakeFiles/cmTC_78145.dir/build.make CMakeFiles/cmTC_78145.dir/build
make[1]: Entering directory '/home/aitvision/st119480/2_faceDetector/src/CMakeFiles/CMakeTmp'
Building C object CMakeFiles/cmTC_78145.dir/CheckSymbolExists.c.o
/usr/bin/cc    -fPIC    -o CMakeFiles/cmTC_78145.dir/CheckSymbolExists.c.o   -c /home/aitvision/st119480/2_faceDetector/src/CMakeFiles/CMakeTmp/CheckSymbolExists.c
Linking C executable cmTC_78145
/usr/bin/cmake -E cmake_link_script CMakeFiles/cmTC_78145.dir/link.txt --verbose=1
/usr/bin/cc  -fPIC     CMakeFiles/cmTC_78145.dir/CheckSymbolExists.c.o  -o cmTC_78145 -rdynamic 
CMakeFiles/cmTC_78145.dir/CheckSymbolExists.c.o: In function `main':
CheckSymbolExists.c:(.text+0x1b): undefined reference to `pthread_create'
collect2: error: ld returned 1 exit status
CMakeFiles/cmTC_78145.dir/build.make:97: recipe for target 'cmTC_78145' failed
make[1]: *** [cmTC_78145] Error 1
make[1]: Leaving directory '/home/aitvision/st119480/2_faceDetector/src/CMakeFiles/CMakeTmp'
Makefile:126: recipe for target 'cmTC_78145/fast' failed
make: *** [cmTC_78145/fast] Error 2

File /home/aitvision/st119480/2_faceDetector/src/CMakeFiles/CMakeTmp/CheckSymbolExists.c:
/* */
#include <pthread.h>

int main(int argc, char** argv)
{
  (void)argv;
#ifndef pthread_create
  return ((int*)(&pthread_create))[argc];
#else
  (void)argc;
  return 0;
#endif
}

Determining if the function pthread_create exists in the pthreads failed with the following output:
Change Dir: /home/aitvision/st119480/2_faceDetector/src/CMakeFiles/CMakeTmp

Run Build Command:"/usr/bin/make" "cmTC_ac111/fast"
/usr/bin/make -f CMakeFiles/cmTC_ac111.dir/build.make CMakeFiles/cmTC_ac111.dir/build
make[1]: Entering directory '/home/aitvision/st119480/2_faceDetector/src/CMakeFiles/CMakeTmp'
Building C object CMakeFiles/cmTC_ac111.dir/CheckFunctionExists.c.o
/usr/bin/cc    -fPIC -DCHECK_FUNCTION_EXISTS=pthread_create   -o CMakeFiles/cmTC_ac111.dir/CheckFunctionExists.c.o   -c /usr/share/cmake-3.5/Modules/CheckFunctionExists.c
Linking C executable cmTC_ac111
/usr/bin/cmake -E cmake_link_script CMakeFiles/cmTC_ac111.dir/link.txt --verbose=1
/usr/bin/cc  -fPIC -DCHECK_FUNCTION_EXISTS=pthread_create    CMakeFiles/cmTC_ac111.dir/CheckFunctionExists.c.o  -o cmTC_ac111 -rdynamic -lpthreads 
/usr/bin/ld: cannot find -lpthreads
collect2: error: ld returned 1 exit status
CMakeFiles/cmTC_ac111.dir/build.make:97: recipe for target 'cmTC_ac111' failed
make[1]: *** [cmTC_ac111] Error 1
make[1]: Leaving directory '/home/aitvision/st119480/2_faceDetector/src/CMakeFiles/CMakeTmp'
Makefile:126: recipe for target 'cmTC_ac111/fast' failed
make: *** [cmTC_ac111/fast] Error 2


Determining if the pthread_create exist failed with the following output:
Change Dir: /home/aitvision/st119480/2_faceDetector/src/CMakeFiles/CMakeTmp

Run Build Command:"/usr/bin/make" "cmTC_e1334/fast"
/usr/bin/make -f CMakeFiles/cmTC_e1334.dir/build.make CMakeFiles/cmTC_e1334.dir/build
make[1]: Entering directory '/home/aitvision/st119480/2_faceDetector/src/CMakeFiles/CMakeTmp'
Building C object CMakeFiles/cmTC_e1334.dir/CheckSymbolExists.c.o
/usr/bin/cc    -fPIC    -o CMakeFiles/cmTC_e1334.dir/CheckSymbolExists.c.o   -c /home/aitvision/st119480/2_faceDetector/src/CMakeFiles/CMakeTmp/CheckSymbolExists.c
Linking C executable cmTC_e1334
/usr/bin/cmake -E cmake_link_script CMakeFiles/cmTC_e1334.dir/link.txt --verbose=1
/usr/bin/cc  -fPIC     CMakeFiles/cmTC_e1334.dir/CheckSymbolExists.c.o  -o cmTC_e1334 -rdynamic 
CMakeFiles/cmTC_e1334.dir/CheckSymbolExists.c.o: In function `main':
CheckSymbolExists.c:(.text+0x1b): undefined reference to `pthread_create'
collect2: error: ld returned 1 exit status
CMakeFiles/cmTC_e1334.dir/build.make:97: recipe for target 'cmTC_e1334' failed
make[1]: *** [cmTC_e1334] Error 1
make[1]: Leaving directory '/home/aitvision/st119480/2_faceDetector/src/CMakeFiles/CMakeTmp'
Makefile:126: recipe for target 'cmTC_e1334/fast' failed
make: *** [cmTC_e1334/fast] Error 2

File /home/aitvision/st119480/2_faceDetector/src/CMakeFiles/CMakeTmp/CheckSymbolExists.c:
/* */
#include <pthread.h>

int main(int argc, char** argv)
{
  (void)argv;
#ifndef pthread_create
  return ((int*)(&pthread_create))[argc];
#else
  (void)argc;
  return 0;
#endif
}

Determining if the function pthread_create exists in the pthreads failed with the following output:
Change Dir: /home/aitvision/st119480/2_faceDetector/src/CMakeFiles/CMakeTmp

Run Build Command:"/usr/bin/make" "cmTC_591c1/fast"
/usr/bin/make -f CMakeFiles/cmTC_591c1.dir/build.make CMakeFiles/cmTC_591c1.dir/build
make[1]: Entering directory '/home/aitvision/st119480/2_faceDetector/src/CMakeFiles/CMakeTmp'
Building C object CMakeFiles/cmTC_591c1.dir/CheckFunctionExists.c.o
/usr/bin/cc    -fPIC -DCHECK_FUNCTION_EXISTS=pthread_create   -o CMakeFiles/cmTC_591c1.dir/CheckFunctionExists.c.o   -c /usr/share/cmake-3.5/Modules/CheckFunctionExists.c
Linking C executable cmTC_591c1
/usr/bin/cmake -E cmake_link_script CMakeFiles/cmTC_591c1.dir/link.txt --verbose=1
/usr/bin/cc  -fPIC -DCHECK_FUNCTION_EXISTS=pthread_create    CMakeFiles/cmTC_591c1.dir/CheckFunctionExists.c.o  -o cmTC_591c1 -rdynamic -lpthreads 
/usr/bin/ld: cannot find -lpthreads
collect2: error: ld returned 1 exit status
CMakeFiles/cmTC_591c1.dir/build.make:97: recipe for target 'cmTC_591c1' failed
make[1]: *** [cmTC_591c1] Error 1
make[1]: Leaving directory '/home/aitvision/st119480/2_faceDetector/src/CMakeFiles/CMakeTmp'
Makefile:126: recipe for target 'cmTC_591c1/fast' failed
make: *** [cmTC_591c1/fast] Error 2


